mode: set
github.com/x95castle1/multi-purpose-convention-server/pkg/conventions/conventions.go:40.113,42.4 1 1
github.com/x95castle1/multi-purpose-convention-server/pkg/conventions/conventions.go:43.145,46.42 2 1
github.com/x95castle1/multi-purpose-convention-server/pkg/conventions/conventions.go:46.42,49.32 2 1
github.com/x95castle1/multi-purpose-convention-server/pkg/conventions/conventions.go:49.32,51.20 2 1
github.com/x95castle1/multi-purpose-convention-server/pkg/conventions/conventions.go:51.20,53.7 1 0
github.com/x95castle1/multi-purpose-convention-server/pkg/conventions/conventions.go:54.6,55.26 2 1
github.com/x95castle1/multi-purpose-convention-server/pkg/conventions/conventions.go:58.4,58.14 1 1
github.com/x95castle1/multi-purpose-convention-server/pkg/conventions/conventions.go:64.113,66.4 1 1
github.com/x95castle1/multi-purpose-convention-server/pkg/conventions/conventions.go:67.145,70.42 2 1
github.com/x95castle1/multi-purpose-convention-server/pkg/conventions/conventions.go:70.42,73.31 2 1
github.com/x95castle1/multi-purpose-convention-server/pkg/conventions/conventions.go:73.31,75.20 2 1
github.com/x95castle1/multi-purpose-convention-server/pkg/conventions/conventions.go:75.20,77.7 1 0
github.com/x95castle1/multi-purpose-convention-server/pkg/conventions/conventions.go:78.6,79.25 2 1
github.com/x95castle1/multi-purpose-convention-server/pkg/conventions/conventions.go:82.4,82.14 1 1
github.com/x95castle1/multi-purpose-convention-server/pkg/conventions/conventions.go:88.113,90.4 1 1
github.com/x95castle1/multi-purpose-convention-server/pkg/conventions/conventions.go:91.145,94.42 2 1
github.com/x95castle1/multi-purpose-convention-server/pkg/conventions/conventions.go:94.42,97.30 2 1
github.com/x95castle1/multi-purpose-convention-server/pkg/conventions/conventions.go:97.30,99.20 2 1
github.com/x95castle1/multi-purpose-convention-server/pkg/conventions/conventions.go:99.20,101.7 1 0
github.com/x95castle1/multi-purpose-convention-server/pkg/conventions/conventions.go:102.6,103.24 2 1
github.com/x95castle1/multi-purpose-convention-server/pkg/conventions/conventions.go:106.4,106.14 1 1
github.com/x95castle1/multi-purpose-convention-server/pkg/conventions/conventions.go:133.113,135.4 1 1
github.com/x95castle1/multi-purpose-convention-server/pkg/conventions/conventions.go:136.145,139.42 2 1
github.com/x95castle1/multi-purpose-convention-server/pkg/conventions/conventions.go:139.42,143.19 3 1
github.com/x95castle1/multi-purpose-convention-server/pkg/conventions/conventions.go:143.19,145.6 1 0
github.com/x95castle1/multi-purpose-convention-server/pkg/conventions/conventions.go:147.5,148.34 2 1
github.com/x95castle1/multi-purpose-convention-server/pkg/conventions/conventions.go:150.4,150.14 1 1
github.com/x95castle1/multi-purpose-convention-server/pkg/conventions/conventions.go:156.113,158.4 1 1
github.com/x95castle1/multi-purpose-convention-server/pkg/conventions/conventions.go:159.145,162.42 2 1
github.com/x95castle1/multi-purpose-convention-server/pkg/conventions/conventions.go:162.42,166.19 3 1
github.com/x95castle1/multi-purpose-convention-server/pkg/conventions/conventions.go:166.19,168.6 1 0
github.com/x95castle1/multi-purpose-convention-server/pkg/conventions/conventions.go:170.5,173.63 4 1
github.com/x95castle1/multi-purpose-convention-server/pkg/conventions/conventions.go:175.4,175.14 1 1
github.com/x95castle1/multi-purpose-convention-server/pkg/conventions/conventions.go:181.113,183.4 1 1
github.com/x95castle1/multi-purpose-convention-server/pkg/conventions/conventions.go:184.145,188.18 3 1
github.com/x95castle1/multi-purpose-convention-server/pkg/conventions/conventions.go:188.18,190.5 1 0
github.com/x95castle1/multi-purpose-convention-server/pkg/conventions/conventions.go:192.4,195.14 3 1
github.com/x95castle1/multi-purpose-convention-server/pkg/conventions/conventions.go:201.113,203.4 1 1
github.com/x95castle1/multi-purpose-convention-server/pkg/conventions/conventions.go:204.145,208.18 3 1
github.com/x95castle1/multi-purpose-convention-server/pkg/conventions/conventions.go:208.18,210.5 1 0
github.com/x95castle1/multi-purpose-convention-server/pkg/conventions/conventions.go:212.4,215.14 3 1
github.com/x95castle1/multi-purpose-convention-server/pkg/conventions/conventions.go:221.113,223.4 1 1
github.com/x95castle1/multi-purpose-convention-server/pkg/conventions/conventions.go:224.145,228.18 3 1
github.com/x95castle1/multi-purpose-convention-server/pkg/conventions/conventions.go:228.18,230.5 1 0
github.com/x95castle1/multi-purpose-convention-server/pkg/conventions/conventions.go:232.4,235.14 3 1
github.com/x95castle1/multi-purpose-convention-server/pkg/conventions/conventions.go:240.64,244.2 3 1
github.com/x95castle1/multi-purpose-convention-server/pkg/conventions/conventions.go:247.55,251.2 3 1
github.com/x95castle1/multi-purpose-convention-server/pkg/conventions/conventions.go:254.52,258.2 3 1
github.com/x95castle1/multi-purpose-convention-server/pkg/conventions/conventions.go:261.68,262.62 1 1
github.com/x95castle1/multi-purpose-convention-server/pkg/conventions/conventions.go:262.62,264.3 1 1
github.com/x95castle1/multi-purpose-convention-server/pkg/conventions/conventions.go:265.2,265.29 1 1
github.com/x95castle1/multi-purpose-convention-server/pkg/conventions/conventions.go:269.63,270.52 1 0
github.com/x95castle1/multi-purpose-convention-server/pkg/conventions/conventions.go:270.52,272.3 1 0
github.com/x95castle1/multi-purpose-convention-server/pkg/conventions/conventions.go:273.2,273.24 1 0
github.com/x95castle1/multi-purpose-convention-server/pkg/conventions/conventions.go:276.53,280.2 3 1
github.com/x95castle1/multi-purpose-convention-server/pkg/conventions/conventions.go:282.72,283.34 1 0
github.com/x95castle1/multi-purpose-convention-server/pkg/conventions/conventions.go:283.34,284.28 1 0
github.com/x95castle1/multi-purpose-convention-server/pkg/conventions/conventions.go:284.28,286.4 1 0
github.com/x95castle1/multi-purpose-convention-server/pkg/conventions/conventions.go:288.2,289.13 2 0
github.com/x95castle1/multi-purpose-convention-server/pkg/conventions/conventions.go:292.65,296.2 3 1
github.com/x95castle1/multi-purpose-convention-server/pkg/conventions/conventions.go:298.60,302.2 3 1
